<?xml version="1.0" encoding="UTF-8"?>
<!-- Generated by org.testng.reporters.JUnitReportReporter -->
<testsuite hostname="NurulAfsar" failures="0" tests="1" name="tests.LoginTest" time="14.085" errors="0" timestamp="2023-08-23T21:43:54 BDT" skipped="0">
  <testcase classname="tests.LoginTest" name="loginTest" time="14.085"/>
</testsuite> <!-- tests.LoginTest -->
