<?xml version="1.0" encoding="UTF-8"?>
<!-- Generated by org.testng.reporters.JUnitReportReporter -->
<testsuite hostname="NurulAfsar" failures="0" tests="1" name="tests.AuthorTest" time="18.775" errors="0" timestamp="2023-08-23T21:43:54 BDT" skipped="0">
  <testcase classname="tests.AuthorTest" name="bookTest" time="18.775"/>
</testsuite> <!-- tests.AuthorTest -->
