<?xml version="1.0" encoding="UTF-8"?>
<!-- Generated by org.testng.reporters.JUnitReportReporter -->
<testsuite hostname="NurulAfsar" failures="0" tests="1" name="tests.BookTest" time="38.832" errors="0" timestamp="2023-08-22T14:50:49 BDT" skipped="0">
  <testcase classname="tests.BookTest" name="bookTest" time="38.832"/>
</testsuite> <!-- tests.BookTest -->
