<?xml version="1.0" encoding="UTF-8"?>
<!-- Generated by org.testng.reporters.JUnitReportReporter -->
<testsuite hostname="NurulAfsar" failures="0" tests="1" name="tests.HomeTest" time="10.091" errors="0" timestamp="2023-08-22T14:50:49 BDT" skipped="0">
  <testcase classname="tests.HomeTest" name="dashBoardTest" time="10.091"/>
</testsuite> <!-- tests.HomeTest -->
