<?xml version="1.0" encoding="UTF-8"?>
<!-- Generated by org.testng.reporters.JUnitReportReporter -->
<testsuite hostname="NurulAfsar" failures="0" tests="1" name="tests.ShippingTest" time="37.013" errors="0" timestamp="2023-08-22T14:50:49 BDT" skipped="0">
  <testcase classname="tests.ShippingTest" name="bookTest" time="37.013"/>
</testsuite> <!-- tests.ShippingTest -->
